<?xml version="1.0" encoding="UTF-8"?>
<!-- Generated by org.testng.reporters.JUnitReportReporter -->
<testsuite skipped="0" hostname="WQ-20170428WNBX" name="com.fengdai.qa.interfaceAuto.App2" tests="1" failures="0" timestamp="23 十一月 2017 13:50:08 GMT" time="2.246" errors="0">
  <testcase name="testlogin" time="2.246" classname="com.fengdai.qa.interfaceAuto.App2"/>
</testsuite> <!-- com.fengdai.qa.interfaceAuto.App2 -->
