<?xml version="1.0" encoding="UTF-8"?>
<!-- Generated by org.testng.reporters.JUnitReportReporter -->
<testsuite skipped="0" hostname="WQ-20170428WNBX" name="com.fengdai.qa.testcase.TestDw" tests="2" failures="0" timestamp="23 十一月 2017 13:50:40 GMT" time="2.547" errors="0">
  <testcase name="test" time="1.944" classname="com.fengdai.qa.testcase.TestDw"/>
  <testcase name="test" time="0.603" classname="com.fengdai.qa.testcase.TestDw"/>
</testsuite> <!-- com.fengdai.qa.testcase.TestDw -->
